2014-11-26 16:38:22.432+0000 INFO  [API] Setting startup timeout to: 120000ms based on -1
2014-11-26 16:38:25.521+0000 INFO  [API] Successfully started database
2014-11-26 16:38:25.712+0000 INFO  [API] Starting HTTP on port :7474 with 40 threads available
2014-11-26 16:38:26.376+0000 INFO  [API] Enabling HTTPS on port :7473
2014-11-26 16:38:26.377+0000 INFO  [API] No SSL certificate found, generating a self-signed certificate..
2014-11-26 16:38:27.397+0000 INFO  [API] Mounted discovery module at [/]
2014-11-26 16:38:27.422+0000 INFO  [API] Mounted REST API at [/db/data/]
2014-11-26 16:38:27.429+0000 INFO  [API] Mounted management API at [/db/manage/]
2014-11-26 16:38:27.429+0000 INFO  [API] Mounted webadmin at [/webadmin]
2014-11-26 16:38:27.429+0000 INFO  [API] Mounted Neo4j Browser at [/browser]
2014-11-26 16:38:27.573+0000 INFO  [API] Mounting static content at [/webadmin] from [webadmin-html]
2014-11-26 16:38:27.660+0000 INFO  [API] Mounting static content at [/browser] from [browser]
11:38:27.664 [main] WARN  o.e.j.server.handler.ContextHandler - o.e.j.s.ServletContextHandler@74971ed9{/,null,null} contextPath ends with /
11:38:27.664 [main] WARN  o.e.j.server.handler.ContextHandler - Empty contextPath
11:38:27.668 [main] INFO  org.eclipse.jetty.server.Server - jetty-9.0.5.v20130815
11:38:27.706 [main] INFO  o.e.j.server.handler.ContextHandler - Started o.e.j.s.h.MovedContextHandler@1cbb3d3b{/,null,AVAILABLE}
11:38:27.847 [main] INFO  o.e.j.w.StandardDescriptorProcessor - NO JSP Support for /webadmin, did not find org.apache.jasper.servlet.JspServlet
11:38:27.868 [main] INFO  o.e.j.server.handler.ContextHandler - Started o.e.j.w.WebAppContext@652ab8d9{/webadmin,jar:file:/Users/geoff/RubymineProjects/neo4j-test/db/neo4j/development/system/lib/neo4j-server-2.1.5-static-web.jar!/webadmin-html,AVAILABLE}
11:38:28.538 [main] INFO  o.e.j.server.handler.ContextHandler - Started o.e.j.s.ServletContextHandler@39ad12b6{/db/manage,null,AVAILABLE}
11:38:28.838 [main] INFO  o.e.j.server.handler.ContextHandler - Started o.e.j.s.ServletContextHandler@10641c09{/db/data,null,AVAILABLE}
11:38:28.862 [main] INFO  o.e.j.w.StandardDescriptorProcessor - NO JSP Support for /browser, did not find org.apache.jasper.servlet.JspServlet
11:38:28.865 [main] INFO  o.e.j.server.handler.ContextHandler - Started o.e.j.w.WebAppContext@fabb651{/browser,jar:file:/Users/geoff/RubymineProjects/neo4j-test/db/neo4j/development/system/lib/neo4j-browser-2.1.5.jar!/browser,AVAILABLE}
11:38:29.052 [main] INFO  o.e.j.server.handler.ContextHandler - Started o.e.j.s.ServletContextHandler@74971ed9{/,null,AVAILABLE}
11:38:29.100 [main] INFO  o.e.jetty.server.ServerConnector - Started ServerConnector@7e2c64{HTTP/1.1}{localhost:7474}
11:38:29.616 [main] INFO  o.e.jetty.server.ServerConnector - Started ServerConnector@587a1cfb{SSL-HTTP/1.1}{localhost:7473}
2014-11-26 16:38:29.617+0000 INFO  [API] Server started on: http://localhost:7474/
2014-11-26 16:38:29.617+0000 INFO  [API] Remote interface ready and available at [http://localhost:7474/]
2014-12-01 00:06:14.291+0000 INFO  [API] Neo4j Server shutdown initiated by request
19:06:14.371 [Thread-17] INFO  o.e.jetty.server.ServerConnector - Stopped ServerConnector@7e2c64{HTTP/1.1}{localhost:7474}
19:06:14.374 [Thread-17] INFO  o.e.jetty.server.ServerConnector - Stopped ServerConnector@587a1cfb{SSL-HTTP/1.1}{localhost:7473}
19:06:14.383 [Thread-17] INFO  o.e.j.server.handler.ContextHandler - Stopped o.e.j.s.ServletContextHandler@74971ed9{/,null,UNAVAILABLE}
19:06:14.388 [Thread-17] INFO  o.e.j.server.handler.ContextHandler - Stopped o.e.j.w.WebAppContext@fabb651{/browser,jar:file:/Users/geoff/RubymineProjects/neo4j-test/db/neo4j/development/system/lib/neo4j-browser-2.1.5.jar!/browser,UNAVAILABLE}
19:06:14.397 [Thread-17] INFO  o.e.j.server.handler.ContextHandler - Stopped o.e.j.s.ServletContextHandler@10641c09{/db/data,null,UNAVAILABLE}
19:06:14.397 [Thread-17] INFO  o.e.j.server.handler.ContextHandler - Stopped o.e.j.s.ServletContextHandler@39ad12b6{/db/manage,null,UNAVAILABLE}
19:06:14.402 [Thread-17] INFO  o.e.j.server.handler.ContextHandler - Stopped o.e.j.w.WebAppContext@652ab8d9{/webadmin,jar:file:/Users/geoff/RubymineProjects/neo4j-test/db/neo4j/development/system/lib/neo4j-server-2.1.5-static-web.jar!/webadmin-html,UNAVAILABLE}
19:06:14.402 [Thread-17] INFO  o.e.j.server.handler.ContextHandler - Stopped o.e.j.s.h.MovedContextHandler@1cbb3d3b{/,null,UNAVAILABLE}
2014-12-01 13:55:54.017+0000 INFO  [API] Setting startup timeout to: 120000ms based on -1
Detected incorrectly shut down database, performing recovery..
2014-12-01 13:58:23.236+0000 INFO  [API] Successfully started database
2014-12-01 13:58:23.469+0000 INFO  [API] Starting HTTP on port :7474 with 40 threads available
2014-12-01 13:58:23.957+0000 INFO  [API] Enabling HTTPS on port :7473
2014-12-01 13:58:24.413+0000 INFO  [API] Mounted discovery module at [/]
2014-12-01 13:58:24.441+0000 INFO  [API] Mounted REST API at [/db/data/]
2014-12-01 13:58:24.449+0000 INFO  [API] Mounted management API at [/db/manage/]
2014-12-01 13:58:24.450+0000 INFO  [API] Mounted webadmin at [/webadmin]
2014-12-01 13:58:24.450+0000 INFO  [API] Mounted Neo4j Browser at [/browser]
2014-12-01 13:58:24.657+0000 INFO  [API] Mounting static content at [/webadmin] from [webadmin-html]
2014-12-01 13:58:24.765+0000 INFO  [API] Mounting static content at [/browser] from [browser]
08:58:24.771 [main] WARN  o.e.j.server.handler.ContextHandler - o.e.j.s.ServletContextHandler@2174958b{/,null,null} contextPath ends with /
08:58:24.771 [main] WARN  o.e.j.server.handler.ContextHandler - Empty contextPath
08:58:24.776 [main] INFO  org.eclipse.jetty.server.Server - jetty-9.0.5.v20130815
08:58:24.830 [main] INFO  o.e.j.server.handler.ContextHandler - Started o.e.j.s.h.MovedContextHandler@da41d4a{/,null,AVAILABLE}
08:58:24.971 [main] INFO  o.e.j.w.StandardDescriptorProcessor - NO JSP Support for /webadmin, did not find org.apache.jasper.servlet.JspServlet
08:58:25.007 [main] INFO  o.e.j.server.handler.ContextHandler - Started o.e.j.w.WebAppContext@3053b8cd{/webadmin,jar:file:/Users/geoff/RubymineProjects/neo4j-test/db/neo4j/development/system/lib/neo4j-server-2.1.5-static-web.jar!/webadmin-html,AVAILABLE}
08:58:25.870 [main] INFO  o.e.j.server.handler.ContextHandler - Started o.e.j.s.ServletContextHandler@52c7fa6a{/db/manage,null,AVAILABLE}
08:58:26.347 [main] INFO  o.e.j.server.handler.ContextHandler - Started o.e.j.s.ServletContextHandler@56dff1e6{/db/data,null,AVAILABLE}
08:58:26.378 [main] INFO  o.e.j.w.StandardDescriptorProcessor - NO JSP Support for /browser, did not find org.apache.jasper.servlet.JspServlet
08:58:26.381 [main] INFO  o.e.j.server.handler.ContextHandler - Started o.e.j.w.WebAppContext@6a7c88d1{/browser,jar:file:/Users/geoff/RubymineProjects/neo4j-test/db/neo4j/development/system/lib/neo4j-browser-2.1.5.jar!/browser,AVAILABLE}
08:58:26.595 [main] INFO  o.e.j.server.handler.ContextHandler - Started o.e.j.s.ServletContextHandler@2174958b{/,null,AVAILABLE}
08:58:26.653 [main] INFO  o.e.jetty.server.ServerConnector - Started ServerConnector@35a57b27{HTTP/1.1}{localhost:7474}
08:58:27.017 [main] INFO  o.e.jetty.server.ServerConnector - Started ServerConnector@4632bf7a{SSL-HTTP/1.1}{localhost:7473}
2014-12-01 13:58:27.018+0000 INFO  [API] Server started on: http://localhost:7474/
2014-12-01 13:58:27.019+0000 INFO  [API] Remote interface ready and available at [http://localhost:7474/]
2014-12-01 15:48:10.423+0000 INFO  [API] Neo4j Server shutdown initiated by request
10:48:10.447 [Thread-156] INFO  o.e.jetty.server.ServerConnector - Stopped ServerConnector@35a57b27{HTTP/1.1}{localhost:7474}
10:48:10.449 [Thread-156] INFO  o.e.jetty.server.ServerConnector - Stopped ServerConnector@4632bf7a{SSL-HTTP/1.1}{localhost:7473}
10:48:10.453 [Thread-156] INFO  o.e.j.server.handler.ContextHandler - Stopped o.e.j.s.ServletContextHandler@2174958b{/,null,UNAVAILABLE}
10:48:10.455 [Thread-156] INFO  o.e.j.server.handler.ContextHandler - Stopped o.e.j.w.WebAppContext@6a7c88d1{/browser,jar:file:/Users/geoff/RubymineProjects/neo4j-test/db/neo4j/development/system/lib/neo4j-browser-2.1.5.jar!/browser,UNAVAILABLE}
10:48:10.456 [Thread-156] INFO  o.e.j.server.handler.ContextHandler - Stopped o.e.j.s.ServletContextHandler@56dff1e6{/db/data,null,UNAVAILABLE}
10:48:10.457 [Thread-156] INFO  o.e.j.server.handler.ContextHandler - Stopped o.e.j.s.ServletContextHandler@52c7fa6a{/db/manage,null,UNAVAILABLE}
10:48:10.459 [Thread-156] INFO  o.e.j.server.handler.ContextHandler - Stopped o.e.j.w.WebAppContext@3053b8cd{/webadmin,jar:file:/Users/geoff/RubymineProjects/neo4j-test/db/neo4j/development/system/lib/neo4j-server-2.1.5-static-web.jar!/webadmin-html,UNAVAILABLE}
10:48:10.459 [Thread-156] INFO  o.e.j.server.handler.ContextHandler - Stopped o.e.j.s.h.MovedContextHandler@da41d4a{/,null,UNAVAILABLE}
10:48:25.551 [Thread-156] WARN  o.e.j.util.thread.QueuedThreadPool - qtp993641418{STOPPING,4<=0<=40,i=0,q=0} Couldn't stop Thread[qtp993641418-334,5,]
2014-12-01 15:48:25.559+0000 INFO  [API] Successfully shutdown Neo4j Server.
2014-12-01 15:48:25.613+0000 INFO  [API] Successfully stopped database
2014-12-01 15:48:25.613+0000 INFO  [API] Successfully shutdown database.
2014-12-01 15:50:18.650+0000 INFO  [API] Setting startup timeout to: 120000ms based on -1
2014-12-01 15:50:22.441+0000 INFO  [API] Successfully started database
2014-12-01 15:50:22.668+0000 INFO  [API] Starting HTTP on port :7474 with 40 threads available
2014-12-01 15:50:23.215+0000 INFO  [API] Enabling HTTPS on port :7473
2014-12-01 15:50:23.529+0000 INFO  [API] Mounted discovery module at [/]
2014-12-01 15:50:23.560+0000 INFO  [API] Mounted REST API at [/db/data/]
2014-12-01 15:50:23.571+0000 INFO  [API] Mounted management API at [/db/manage/]
2014-12-01 15:50:23.572+0000 INFO  [API] Mounted webadmin at [/webadmin]
2014-12-01 15:50:23.572+0000 INFO  [API] Mounted Neo4j Browser at [/browser]
2014-12-01 15:50:23.715+0000 INFO  [API] Mounting static content at [/webadmin] from [webadmin-html]
2014-12-01 15:50:23.810+0000 INFO  [API] Mounting static content at [/browser] from [browser]
10:50:23.814 [main] WARN  o.e.j.server.handler.ContextHandler - o.e.j.s.ServletContextHandler@67dba613{/,null,null} contextPath ends with /
10:50:23.814 [main] WARN  o.e.j.server.handler.ContextHandler - Empty contextPath
10:50:23.821 [main] INFO  org.eclipse.jetty.server.Server - jetty-9.0.5.v20130815
10:50:23.883 [main] INFO  o.e.j.server.handler.ContextHandler - Started o.e.j.s.h.MovedContextHandler@682bd3c4{/,null,AVAILABLE}
10:50:24.139 [main] INFO  o.e.j.w.StandardDescriptorProcessor - NO JSP Support for /webadmin, did not find org.apache.jasper.servlet.JspServlet
10:50:24.177 [main] INFO  o.e.j.server.handler.ContextHandler - Started o.e.j.w.WebAppContext@5c645b43{/webadmin,jar:file:/Users/geoff/RubymineProjects/neo4j-test/db/neo4j/development/system/lib/neo4j-server-2.1.5-static-web.jar!/webadmin-html,AVAILABLE}
10:50:25.171 [main] INFO  o.e.j.server.handler.ContextHandler - Started o.e.j.s.ServletContextHandler@52cb4f50{/db/manage,null,AVAILABLE}
10:50:25.588 [main] INFO  o.e.j.server.handler.ContextHandler - Started o.e.j.s.ServletContextHandler@2a066689{/db/data,null,AVAILABLE}
10:50:25.615 [main] INFO  o.e.j.w.StandardDescriptorProcessor - NO JSP Support for /browser, did not find org.apache.jasper.servlet.JspServlet
10:50:25.617 [main] INFO  o.e.j.server.handler.ContextHandler - Started o.e.j.w.WebAppContext@74294c1a{/browser,jar:file:/Users/geoff/RubymineProjects/neo4j-test/db/neo4j/development/system/lib/neo4j-browser-2.1.5.jar!/browser,AVAILABLE}
10:50:25.801 [main] INFO  o.e.j.server.handler.ContextHandler - Started o.e.j.s.ServletContextHandler@67dba613{/,null,AVAILABLE}
10:50:25.855 [main] INFO  o.e.jetty.server.ServerConnector - Started ServerConnector@15dc339f{HTTP/1.1}{localhost:7474}
10:50:26.482 [main] INFO  o.e.jetty.server.ServerConnector - Started ServerConnector@3d904e9c{SSL-HTTP/1.1}{localhost:7473}
2014-12-01 15:50:26.483+0000 INFO  [API] Server started on: http://localhost:7474/
2014-12-01 15:50:26.484+0000 INFO  [API] Remote interface ready and available at [http://localhost:7474/]
2014-12-02 01:00:08.176+0000 INFO  [API] Neo4j Server shutdown initiated by request
20:00:08.234 [Thread-17] INFO  o.e.jetty.server.ServerConnector - Stopped ServerConnector@15dc339f{HTTP/1.1}{localhost:7474}
20:00:08.237 [Thread-17] INFO  o.e.jetty.server.ServerConnector - Stopped ServerConnector@3d904e9c{SSL-HTTP/1.1}{localhost:7473}
20:00:08.248 [Thread-17] INFO  o.e.j.server.handler.ContextHandler - Stopped o.e.j.s.ServletContextHandler@67dba613{/,null,UNAVAILABLE}
20:00:08.253 [Thread-17] INFO  o.e.j.server.handler.ContextHandler - Stopped o.e.j.w.WebAppContext@74294c1a{/browser,jar:file:/Users/geoff/RubymineProjects/neo4j-test/db/neo4j/development/system/lib/neo4j-browser-2.1.5.jar!/browser,UNAVAILABLE}
20:00:08.259 [Thread-17] INFO  o.e.j.server.handler.ContextHandler - Stopped o.e.j.s.ServletContextHandler@2a066689{/db/data,null,UNAVAILABLE}
20:00:08.260 [Thread-17] INFO  o.e.j.server.handler.ContextHandler - Stopped o.e.j.s.ServletContextHandler@52cb4f50{/db/manage,null,UNAVAILABLE}
20:00:08.269 [Thread-17] INFO  o.e.j.server.handler.ContextHandler - Stopped o.e.j.w.WebAppContext@5c645b43{/webadmin,jar:file:/Users/geoff/RubymineProjects/neo4j-test/db/neo4j/development/system/lib/neo4j-server-2.1.5-static-web.jar!/webadmin-html,UNAVAILABLE}
20:00:08.270 [Thread-17] INFO  o.e.j.server.handler.ContextHandler - Stopped o.e.j.s.h.MovedContextHandler@682bd3c4{/,null,UNAVAILABLE}
20:00:38.281 [Thread-17] WARN  o.e.j.util.thread.QueuedThreadPool - qtp232726781{STOPPING,4<=2<=40,i=0,q=0} Couldn't stop Thread[qtp232726781-368,5,main]
20:00:38.281 [Thread-17] WARN  o.e.j.util.thread.QueuedThreadPool - qtp232726781{STOPPING,4<=2<=40,i=0,q=0} Couldn't stop Thread[qtp232726781-373,5,main]
2014-12-02 01:00:38.331+0000 INFO  [API] Successfully shutdown Neo4j Server.
2014-12-02 01:00:58.593+0000 INFO  [API] Successfully stopped database
2014-12-02 01:00:58.594+0000 INFO  [API] Successfully shutdown database.
2014-12-02 01:01:09.186+0000 INFO  [API] Setting startup timeout to: 120000ms based on -1
2014-12-02 01:01:11.367+0000 INFO  [API] Successfully started database
2014-12-02 01:01:11.479+0000 INFO  [API] Starting HTTP on port :7474 with 40 threads available
2014-12-02 01:01:11.871+0000 INFO  [API] Enabling HTTPS on port :7473
2014-12-02 01:01:12.073+0000 INFO  [API] Mounted discovery module at [/]
2014-12-02 01:01:12.088+0000 INFO  [API] Mounted REST API at [/db/data/]
2014-12-02 01:01:12.093+0000 INFO  [API] Mounted management API at [/db/manage/]
2014-12-02 01:01:12.093+0000 INFO  [API] Mounted webadmin at [/webadmin]
2014-12-02 01:01:12.094+0000 INFO  [API] Mounted Neo4j Browser at [/browser]
2014-12-02 01:01:12.242+0000 INFO  [API] Mounting static content at [/webadmin] from [webadmin-html]
2014-12-02 01:01:12.382+0000 INFO  [API] Mounting static content at [/browser] from [browser]
20:01:12.387 [main] WARN  o.e.j.server.handler.ContextHandler - o.e.j.s.ServletContextHandler@67dba613{/,null,null} contextPath ends with /
20:01:12.387 [main] WARN  o.e.j.server.handler.ContextHandler - Empty contextPath
20:01:12.392 [main] INFO  org.eclipse.jetty.server.Server - jetty-9.0.5.v20130815
20:01:12.453 [main] INFO  o.e.j.server.handler.ContextHandler - Started o.e.j.s.h.MovedContextHandler@682bd3c4{/,null,AVAILABLE}
20:01:12.600 [main] INFO  o.e.j.w.StandardDescriptorProcessor - NO JSP Support for /webadmin, did not find org.apache.jasper.servlet.JspServlet
20:01:12.624 [main] INFO  o.e.j.server.handler.ContextHandler - Started o.e.j.w.WebAppContext@5c645b43{/webadmin,jar:file:/Users/geoff/RubymineProjects/neo4j-test/db/neo4j/development/system/lib/neo4j-server-2.1.5-static-web.jar!/webadmin-html,AVAILABLE}
20:01:13.311 [main] INFO  o.e.j.server.handler.ContextHandler - Started o.e.j.s.ServletContextHandler@52cb4f50{/db/manage,null,AVAILABLE}
20:01:13.610 [main] INFO  o.e.j.server.handler.ContextHandler - Started o.e.j.s.ServletContextHandler@2a066689{/db/data,null,AVAILABLE}
20:01:13.630 [main] INFO  o.e.j.w.StandardDescriptorProcessor - NO JSP Support for /browser, did not find org.apache.jasper.servlet.JspServlet
20:01:13.632 [main] INFO  o.e.j.server.handler.ContextHandler - Started o.e.j.w.WebAppContext@74294c1a{/browser,jar:file:/Users/geoff/RubymineProjects/neo4j-test/db/neo4j/development/system/lib/neo4j-browser-2.1.5.jar!/browser,AVAILABLE}
20:01:13.767 [main] INFO  o.e.j.server.handler.ContextHandler - Started o.e.j.s.ServletContextHandler@67dba613{/,null,AVAILABLE}
20:01:13.804 [main] INFO  o.e.jetty.server.ServerConnector - Started ServerConnector@15dc339f{HTTP/1.1}{localhost:7474}
20:01:14.234 [main] INFO  o.e.jetty.server.ServerConnector - Started ServerConnector@3d904e9c{SSL-HTTP/1.1}{localhost:7473}
2014-12-02 01:01:14.235+0000 INFO  [API] Server started on: http://localhost:7474/
2014-12-02 01:01:14.235+0000 INFO  [API] Remote interface ready and available at [http://localhost:7474/]
2014-12-02 01:01:24.961+0000 INFO  [API] Neo4j Server shutdown initiated by request
20:01:24.972 [Thread-17] INFO  o.e.jetty.server.ServerConnector - Stopped ServerConnector@15dc339f{HTTP/1.1}{localhost:7474}
20:01:24.973 [Thread-17] INFO  o.e.jetty.server.ServerConnector - Stopped ServerConnector@3d904e9c{SSL-HTTP/1.1}{localhost:7473}
20:01:24.976 [Thread-17] INFO  o.e.j.server.handler.ContextHandler - Stopped o.e.j.s.ServletContextHandler@67dba613{/,null,UNAVAILABLE}
20:01:24.978 [Thread-17] INFO  o.e.j.server.handler.ContextHandler - Stopped o.e.j.w.WebAppContext@74294c1a{/browser,jar:file:/Users/geoff/RubymineProjects/neo4j-test/db/neo4j/development/system/lib/neo4j-browser-2.1.5.jar!/browser,UNAVAILABLE}
20:01:24.979 [Thread-17] INFO  o.e.j.server.handler.ContextHandler - Stopped o.e.j.s.ServletContextHandler@2a066689{/db/data,null,UNAVAILABLE}
20:01:24.979 [Thread-17] INFO  o.e.j.server.handler.ContextHandler - Stopped o.e.j.s.ServletContextHandler@52cb4f50{/db/manage,null,UNAVAILABLE}
20:01:24.981 [Thread-17] INFO  o.e.j.server.handler.ContextHandler - Stopped o.e.j.w.WebAppContext@5c645b43{/webadmin,jar:file:/Users/geoff/RubymineProjects/neo4j-test/db/neo4j/development/system/lib/neo4j-server-2.1.5-static-web.jar!/webadmin-html,UNAVAILABLE}
20:01:24.982 [Thread-17] INFO  o.e.j.server.handler.ContextHandler - Stopped o.e.j.s.h.MovedContextHandler@682bd3c4{/,null,UNAVAILABLE}
2014-12-02 01:01:24.990+0000 INFO  [API] Successfully shutdown Neo4j Server.
2014-12-02 01:01:25.050+0000 INFO  [API] Successfully stopped database
2014-12-02 01:01:25.050+0000 INFO  [API] Successfully shutdown database.
2014-12-02 01:02:47.402+0000 INFO  [API] Setting startup timeout to: 120000ms based on -1
2014-12-02 01:02:48.896+0000 INFO  [API] Successfully started database
2014-12-02 01:02:48.969+0000 INFO  [API] Starting HTTP on port :7474 with 40 threads available
2014-12-02 01:02:49.219+0000 INFO  [API] Enabling HTTPS on port :7473
2014-12-02 01:02:49.372+0000 INFO  [API] Mounted discovery module at [/]
2014-12-02 01:02:49.385+0000 INFO  [API] Mounted REST API at [/db/data/]
2014-12-02 01:02:49.389+0000 INFO  [API] Mounted management API at [/db/manage/]
2014-12-02 01:02:49.390+0000 INFO  [API] Mounted webadmin at [/webadmin]
2014-12-02 01:02:49.390+0000 INFO  [API] Mounted Neo4j Browser at [/browser]
2014-12-02 01:02:49.498+0000 INFO  [API] Mounting static content at [/webadmin] from [webadmin-html]
2014-12-02 01:02:49.588+0000 INFO  [API] Mounting static content at [/browser] from [browser]
20:02:49.594 [main] WARN  o.e.j.server.handler.ContextHandler - o.e.j.s.ServletContextHandler@67dba613{/,null,null} contextPath ends with /
20:02:49.594 [main] WARN  o.e.j.server.handler.ContextHandler - Empty contextPath
20:02:49.598 [main] INFO  org.eclipse.jetty.server.Server - jetty-9.0.5.v20130815
20:02:49.646 [main] INFO  o.e.j.server.handler.ContextHandler - Started o.e.j.s.h.MovedContextHandler@682bd3c4{/,null,AVAILABLE}
20:02:49.824 [main] INFO  o.e.j.w.StandardDescriptorProcessor - NO JSP Support for /webadmin, did not find org.apache.jasper.servlet.JspServlet
20:02:49.852 [main] INFO  o.e.j.server.handler.ContextHandler - Started o.e.j.w.WebAppContext@5c645b43{/webadmin,jar:file:/Users/geoff/RubymineProjects/neo4j-test/db/neo4j/development/system/lib/neo4j-server-2.1.5-static-web.jar!/webadmin-html,AVAILABLE}
20:02:50.636 [main] INFO  o.e.j.server.handler.ContextHandler - Started o.e.j.s.ServletContextHandler@52cb4f50{/db/manage,null,AVAILABLE}
20:02:50.995 [main] INFO  o.e.j.server.handler.ContextHandler - Started o.e.j.s.ServletContextHandler@2a066689{/db/data,null,AVAILABLE}
20:02:51.020 [main] INFO  o.e.j.w.StandardDescriptorProcessor - NO JSP Support for /browser, did not find org.apache.jasper.servlet.JspServlet
20:02:51.022 [main] INFO  o.e.j.server.handler.ContextHandler - Started o.e.j.w.WebAppContext@74294c1a{/browser,jar:file:/Users/geoff/RubymineProjects/neo4j-test/db/neo4j/development/system/lib/neo4j-browser-2.1.5.jar!/browser,AVAILABLE}
20:02:51.163 [main] INFO  o.e.j.server.handler.ContextHandler - Started o.e.j.s.ServletContextHandler@67dba613{/,null,AVAILABLE}
20:02:51.198 [main] INFO  o.e.jetty.server.ServerConnector - Started ServerConnector@15dc339f{HTTP/1.1}{localhost:7474}
20:02:51.484 [main] INFO  o.e.jetty.server.ServerConnector - Started ServerConnector@3d904e9c{SSL-HTTP/1.1}{localhost:7473}
2014-12-02 01:02:51.486+0000 INFO  [API] Server started on: http://localhost:7474/
2014-12-02 01:02:51.486+0000 INFO  [API] Remote interface ready and available at [http://localhost:7474/]
2014-12-04 14:20:37.164+0000 INFO  [API] Neo4j Server shutdown initiated by request
09:20:37.404 [Thread-17] INFO  o.e.jetty.server.ServerConnector - Stopped ServerConnector@15dc339f{HTTP/1.1}{localhost:7474}
09:20:37.424 [Thread-17] INFO  o.e.jetty.server.ServerConnector - Stopped ServerConnector@3d904e9c{SSL-HTTP/1.1}{localhost:7473}
09:20:37.493 [Thread-17] INFO  o.e.j.server.handler.ContextHandler - Stopped o.e.j.s.ServletContextHandler@67dba613{/,null,UNAVAILABLE}
09:20:37.541 [Thread-17] INFO  o.e.j.server.handler.ContextHandler - Stopped o.e.j.w.WebAppContext@74294c1a{/browser,jar:file:/Users/geoff/RubymineProjects/neo4j-test/db/neo4j/development/system/lib/neo4j-browser-2.1.5.jar!/browser,UNAVAILABLE}
09:20:37.553 [Thread-17] INFO  o.e.j.server.handler.ContextHandler - Stopped o.e.j.s.ServletContextHandler@2a066689{/db/data,null,UNAVAILABLE}
09:20:37.555 [Thread-17] INFO  o.e.j.server.handler.ContextHandler - Stopped o.e.j.s.ServletContextHandler@52cb4f50{/db/manage,null,UNAVAILABLE}
09:20:37.564 [Thread-17] INFO  o.e.j.server.handler.ContextHandler - Stopped o.e.j.w.WebAppContext@5c645b43{/webadmin,jar:file:/Users/geoff/RubymineProjects/neo4j-test/db/neo4j/development/system/lib/neo4j-server-2.1.5-static-web.jar!/webadmin-html,UNAVAILABLE}
09:20:37.564 [Thread-17] INFO  o.e.j.server.handler.ContextHandler - Stopped o.e.j.s.h.MovedContextHandler@682bd3c4{/,null,UNAVAILABLE}
2014-12-04 14:20:37.621+0000 INFO  [API] Successfully shutdown Neo4j Server.
2014-12-04 14:20:38.030+0000 INFO  [API] Successfully stopped database
2014-12-04 14:20:38.030+0000 INFO  [API] Successfully shutdown database.
2014-12-04 14:34:55.066+0000 INFO  [API] Setting startup timeout to: 120000ms based on -1
2014-12-04 14:34:58.177+0000 INFO  [API] Successfully started database
2014-12-04 14:34:58.328+0000 INFO  [API] Starting HTTP on port :7474 with 40 threads available
2014-12-04 14:34:59.291+0000 INFO  [API] Enabling HTTPS on port :7473
2014-12-04 14:34:59.566+0000 INFO  [API] Mounted discovery module at [/]
2014-12-04 14:34:59.592+0000 INFO  [API] Mounted REST API at [/db/data/]
2014-12-04 14:34:59.597+0000 INFO  [API] Mounted management API at [/db/manage/]
2014-12-04 14:34:59.598+0000 INFO  [API] Mounted webadmin at [/webadmin]
2014-12-04 14:34:59.598+0000 INFO  [API] Mounted Neo4j Browser at [/browser]
2014-12-04 14:34:59.730+0000 INFO  [API] Mounting static content at [/webadmin] from [webadmin-html]
2014-12-04 14:34:59.833+0000 INFO  [API] Mounting static content at [/browser] from [browser]
09:34:59.837 [main] WARN  o.e.j.server.handler.ContextHandler - o.e.j.s.ServletContextHandler@67dba613{/,null,null} contextPath ends with /
09:34:59.837 [main] WARN  o.e.j.server.handler.ContextHandler - Empty contextPath
09:34:59.841 [main] INFO  org.eclipse.jetty.server.Server - jetty-9.0.5.v20130815
09:34:59.887 [main] INFO  o.e.j.server.handler.ContextHandler - Started o.e.j.s.h.MovedContextHandler@682bd3c4{/,null,AVAILABLE}
09:35:00.209 [main] INFO  o.e.j.w.StandardDescriptorProcessor - NO JSP Support for /webadmin, did not find org.apache.jasper.servlet.JspServlet
09:35:00.234 [main] INFO  o.e.j.server.handler.ContextHandler - Started o.e.j.w.WebAppContext@5c645b43{/webadmin,jar:file:/Users/geoff/RubymineProjects/neo4j-test/db/neo4j/development/system/lib/neo4j-server-2.1.5-static-web.jar!/webadmin-html,AVAILABLE}
09:35:01.468 [main] INFO  o.e.j.server.handler.ContextHandler - Started o.e.j.s.ServletContextHandler@52cb4f50{/db/manage,null,AVAILABLE}
09:35:02.022 [main] INFO  o.e.j.server.handler.ContextHandler - Started o.e.j.s.ServletContextHandler@2a066689{/db/data,null,AVAILABLE}
09:35:02.055 [main] INFO  o.e.j.w.StandardDescriptorProcessor - NO JSP Support for /browser, did not find org.apache.jasper.servlet.JspServlet
09:35:02.057 [main] INFO  o.e.j.server.handler.ContextHandler - Started o.e.j.w.WebAppContext@74294c1a{/browser,jar:file:/Users/geoff/RubymineProjects/neo4j-test/db/neo4j/development/system/lib/neo4j-browser-2.1.5.jar!/browser,AVAILABLE}
09:35:02.301 [main] INFO  o.e.j.server.handler.ContextHandler - Started o.e.j.s.ServletContextHandler@67dba613{/,null,AVAILABLE}
09:35:02.414 [main] INFO  o.e.jetty.server.ServerConnector - Started ServerConnector@15dc339f{HTTP/1.1}{localhost:7474}
09:35:02.430 [main] WARN  o.e.j.u.component.AbstractLifeCycle - FAILED org.eclipse.jetty.io.SelectorManager$ManagedSelector@6cd56321 keys=-1 selected=-1: java.io.IOException: Too many open files in system
java.io.IOException: Too many open files in system
	at sun.nio.ch.KQueueArrayWrapper.init(Native Method) ~[na:1.8.0_20-ea]
	at sun.nio.ch.KQueueArrayWrapper.<init>(KQueueArrayWrapper.java:98) ~[na:1.8.0_20-ea]
	at sun.nio.ch.KQueueSelectorImpl.<init>(KQueueSelectorImpl.java:87) ~[na:1.8.0_20-ea]
	at sun.nio.ch.KQueueSelectorProvider.openSelector(KQueueSelectorProvider.java:42) ~[na:1.8.0_20-ea]
	at java.nio.channels.Selector.open(Selector.java:227) ~[na:1.8.0_20-ea]
	at org.eclipse.jetty.io.SelectorManager$ManagedSelector.doStart(SelectorManager.java:338) ~[jetty-io-9.0.5.v20130815.jar:9.0.5.v20130815]
	at org.eclipse.jetty.util.component.AbstractLifeCycle.start(AbstractLifeCycle.java:69) [jetty-util-9.0.5.v20130815.jar:9.0.5.v20130815]
	at org.eclipse.jetty.io.SelectorManager.doStart(SelectorManager.java:177) [jetty-io-9.0.5.v20130815.jar:9.0.5.v20130815]
	at org.eclipse.jetty.util.component.AbstractLifeCycle.start(AbstractLifeCycle.java:69) [jetty-util-9.0.5.v20130815.jar:9.0.5.v20130815]
	at org.eclipse.jetty.util.component.ContainerLifeCycle.start(ContainerLifeCycle.java:108) [jetty-util-9.0.5.v20130815.jar:9.0.5.v20130815]
	at org.eclipse.jetty.util.component.ContainerLifeCycle.doStart(ContainerLifeCycle.java:82) [jetty-util-9.0.5.v20130815.jar:9.0.5.v20130815]
	at org.eclipse.jetty.server.AbstractConnector.doStart(AbstractConnector.java:259) [jetty-server-9.0.5.v20130815.jar:9.0.5.v20130815]
	at org.eclipse.jetty.server.AbstractNetworkConnector.doStart(AbstractNetworkConnector.java:81) [jetty-server-9.0.5.v20130815.jar:9.0.5.v20130815]
	at org.eclipse.jetty.util.component.AbstractLifeCycle.start(AbstractLifeCycle.java:69) [jetty-util-9.0.5.v20130815.jar:9.0.5.v20130815]
	at org.eclipse.jetty.server.Server.doStart(Server.java:303) [jetty-server-9.0.5.v20130815.jar:9.0.5.v20130815]
	at org.eclipse.jetty.util.component.AbstractLifeCycle.start(AbstractLifeCycle.java:69) [jetty-util-9.0.5.v20130815.jar:9.0.5.v20130815]
	at org.neo4j.server.web.Jetty9WebServer.startJetty(Jetty9WebServer.java:375) [neo4j-server-2.1.5.jar:2.1.5]
	at org.neo4j.server.web.Jetty9WebServer.start(Jetty9WebServer.java:178) [neo4j-server-2.1.5.jar:2.1.5]
	at org.neo4j.server.AbstractNeoServer.startWebServer(AbstractNeoServer.java:432) [neo4j-server-2.1.5.jar:2.1.5]
	at org.neo4j.server.AbstractNeoServer.start(AbstractNeoServer.java:193) [neo4j-server-2.1.5.jar:2.1.5]
	at org.neo4j.server.Bootstrapper.start(Bootstrapper.java:108) [neo4j-server-2.1.5.jar:2.1.5]
	at org.neo4j.server.Bootstrapper.main(Bootstrapper.java:62) [neo4j-server-2.1.5.jar:2.1.5]
09:35:02.431 [main] WARN  o.e.j.u.component.AbstractLifeCycle - FAILED org.eclipse.jetty.server.ServerConnector$ServerConnectorManager@3e104d4b: java.io.IOException: Too many open files in system
java.io.IOException: Too many open files in system
	at sun.nio.ch.KQueueArrayWrapper.init(Native Method) ~[na:1.8.0_20-ea]
	at sun.nio.ch.KQueueArrayWrapper.<init>(KQueueArrayWrapper.java:98) ~[na:1.8.0_20-ea]
	at sun.nio.ch.KQueueSelectorImpl.<init>(KQueueSelectorImpl.java:87) ~[na:1.8.0_20-ea]
	at sun.nio.ch.KQueueSelectorProvider.openSelector(KQueueSelectorProvider.java:42) ~[na:1.8.0_20-ea]
	at java.nio.channels.Selector.open(Selector.java:227) ~[na:1.8.0_20-ea]
	at org.eclipse.jetty.io.SelectorManager$ManagedSelector.doStart(SelectorManager.java:338) ~[jetty-io-9.0.5.v20130815.jar:9.0.5.v20130815]
	at org.eclipse.jetty.util.component.AbstractLifeCycle.start(AbstractLifeCycle.java:69) [jetty-util-9.0.5.v20130815.jar:9.0.5.v20130815]
	at org.eclipse.jetty.io.SelectorManager.doStart(SelectorManager.java:177) ~[jetty-io-9.0.5.v20130815.jar:9.0.5.v20130815]
	at org.eclipse.jetty.util.component.AbstractLifeCycle.start(AbstractLifeCycle.java:69) [jetty-util-9.0.5.v20130815.jar:9.0.5.v20130815]
	at org.eclipse.jetty.util.component.ContainerLifeCycle.start(ContainerLifeCycle.java:108) [jetty-util-9.0.5.v20130815.jar:9.0.5.v20130815]
	at org.eclipse.jetty.util.component.ContainerLifeCycle.doStart(ContainerLifeCycle.java:82) [jetty-util-9.0.5.v20130815.jar:9.0.5.v20130815]
	at org.eclipse.jetty.server.AbstractConnector.doStart(AbstractConnector.java:259) [jetty-server-9.0.5.v20130815.jar:9.0.5.v20130815]
	at org.eclipse.jetty.server.AbstractNetworkConnector.doStart(AbstractNetworkConnector.java:81) [jetty-server-9.0.5.v20130815.jar:9.0.5.v20130815]
	at org.eclipse.jetty.util.component.AbstractLifeCycle.start(AbstractLifeCycle.java:69) [jetty-util-9.0.5.v20130815.jar:9.0.5.v20130815]
	at org.eclipse.jetty.server.Server.doStart(Server.java:303) [jetty-server-9.0.5.v20130815.jar:9.0.5.v20130815]
	at org.eclipse.jetty.util.component.AbstractLifeCycle.start(AbstractLifeCycle.java:69) [jetty-util-9.0.5.v20130815.jar:9.0.5.v20130815]
	at org.neo4j.server.web.Jetty9WebServer.startJetty(Jetty9WebServer.java:375) [neo4j-server-2.1.5.jar:2.1.5]
	at org.neo4j.server.web.Jetty9WebServer.start(Jetty9WebServer.java:178) [neo4j-server-2.1.5.jar:2.1.5]
	at org.neo4j.server.AbstractNeoServer.startWebServer(AbstractNeoServer.java:432) [neo4j-server-2.1.5.jar:2.1.5]
	at org.neo4j.server.AbstractNeoServer.start(AbstractNeoServer.java:193) [neo4j-server-2.1.5.jar:2.1.5]
	at org.neo4j.server.Bootstrapper.start(Bootstrapper.java:108) [neo4j-server-2.1.5.jar:2.1.5]
	at org.neo4j.server.Bootstrapper.main(Bootstrapper.java:62) [neo4j-server-2.1.5.jar:2.1.5]
09:35:02.432 [main] WARN  o.e.j.u.component.AbstractLifeCycle - FAILED ServerConnector@55e2fe3c{SSL-HTTP/1.1}{localhost:7473}: java.io.IOException: Too many open files in system
java.io.IOException: Too many open files in system
	at sun.nio.ch.KQueueArrayWrapper.init(Native Method) ~[na:1.8.0_20-ea]
	at sun.nio.ch.KQueueArrayWrapper.<init>(KQueueArrayWrapper.java:98) ~[na:1.8.0_20-ea]
	at sun.nio.ch.KQueueSelectorImpl.<init>(KQueueSelectorImpl.java:87) ~[na:1.8.0_20-ea]
	at sun.nio.ch.KQueueSelectorProvider.openSelector(KQueueSelectorProvider.java:42) ~[na:1.8.0_20-ea]
	at java.nio.channels.Selector.open(Selector.java:227) ~[na:1.8.0_20-ea]
	at org.eclipse.jetty.io.SelectorManager$ManagedSelector.doStart(SelectorManager.java:338) ~[jetty-io-9.0.5.v20130815.jar:9.0.5.v20130815]
	at org.eclipse.jetty.util.component.AbstractLifeCycle.start(AbstractLifeCycle.java:69) [jetty-util-9.0.5.v20130815.jar:9.0.5.v20130815]
	at org.eclipse.jetty.io.SelectorManager.doStart(SelectorManager.java:177) ~[jetty-io-9.0.5.v20130815.jar:9.0.5.v20130815]
	at org.eclipse.jetty.util.component.AbstractLifeCycle.start(AbstractLifeCycle.java:69) [jetty-util-9.0.5.v20130815.jar:9.0.5.v20130815]
	at org.eclipse.jetty.util.component.ContainerLifeCycle.start(ContainerLifeCycle.java:108) ~[jetty-util-9.0.5.v20130815.jar:9.0.5.v20130815]
	at org.eclipse.jetty.util.component.ContainerLifeCycle.doStart(ContainerLifeCycle.java:82) ~[jetty-util-9.0.5.v20130815.jar:9.0.5.v20130815]
	at org.eclipse.jetty.server.AbstractConnector.doStart(AbstractConnector.java:259) ~[jetty-server-9.0.5.v20130815.jar:9.0.5.v20130815]
	at org.eclipse.jetty.server.AbstractNetworkConnector.doStart(AbstractNetworkConnector.java:81) ~[jetty-server-9.0.5.v20130815.jar:9.0.5.v20130815]
	at org.eclipse.jetty.util.component.AbstractLifeCycle.start(AbstractLifeCycle.java:69) [jetty-util-9.0.5.v20130815.jar:9.0.5.v20130815]
	at org.eclipse.jetty.server.Server.doStart(Server.java:303) [jetty-server-9.0.5.v20130815.jar:9.0.5.v20130815]
	at org.eclipse.jetty.util.component.AbstractLifeCycle.start(AbstractLifeCycle.java:69) [jetty-util-9.0.5.v20130815.jar:9.0.5.v20130815]
	at org.neo4j.server.web.Jetty9WebServer.startJetty(Jetty9WebServer.java:375) [neo4j-server-2.1.5.jar:2.1.5]
	at org.neo4j.server.web.Jetty9WebServer.start(Jetty9WebServer.java:178) [neo4j-server-2.1.5.jar:2.1.5]
	at org.neo4j.server.AbstractNeoServer.startWebServer(AbstractNeoServer.java:432) [neo4j-server-2.1.5.jar:2.1.5]
	at org.neo4j.server.AbstractNeoServer.start(AbstractNeoServer.java:193) [neo4j-server-2.1.5.jar:2.1.5]
	at org.neo4j.server.Bootstrapper.start(Bootstrapper.java:108) [neo4j-server-2.1.5.jar:2.1.5]
	at org.neo4j.server.Bootstrapper.main(Bootstrapper.java:62) [neo4j-server-2.1.5.jar:2.1.5]
09:35:02.433 [main] WARN  o.e.j.u.component.AbstractLifeCycle - FAILED org.eclipse.jetty.server.Server@45e1aa48: java.io.IOException: Too many open files in system
java.io.IOException: Too many open files in system
	at sun.nio.ch.KQueueArrayWrapper.init(Native Method) ~[na:1.8.0_20-ea]
	at sun.nio.ch.KQueueArrayWrapper.<init>(KQueueArrayWrapper.java:98) ~[na:1.8.0_20-ea]
	at sun.nio.ch.KQueueSelectorImpl.<init>(KQueueSelectorImpl.java:87) ~[na:1.8.0_20-ea]
	at sun.nio.ch.KQueueSelectorProvider.openSelector(KQueueSelectorProvider.java:42) ~[na:1.8.0_20-ea]
	at java.nio.channels.Selector.open(Selector.java:227) ~[na:1.8.0_20-ea]
	at org.eclipse.jetty.io.SelectorManager$ManagedSelector.doStart(SelectorManager.java:338) ~[jetty-io-9.0.5.v20130815.jar:9.0.5.v20130815]
	at org.eclipse.jetty.util.component.AbstractLifeCycle.start(AbstractLifeCycle.java:69) ~[jetty-util-9.0.5.v20130815.jar:9.0.5.v20130815]
	at org.eclipse.jetty.io.SelectorManager.doStart(SelectorManager.java:177) ~[jetty-io-9.0.5.v20130815.jar:9.0.5.v20130815]
	at org.eclipse.jetty.util.component.AbstractLifeCycle.start(AbstractLifeCycle.java:69) ~[jetty-util-9.0.5.v20130815.jar:9.0.5.v20130815]
	at org.eclipse.jetty.util.component.ContainerLifeCycle.start(ContainerLifeCycle.java:108) ~[jetty-util-9.0.5.v20130815.jar:9.0.5.v20130815]
	at org.eclipse.jetty.util.component.ContainerLifeCycle.doStart(ContainerLifeCycle.java:82) ~[jetty-util-9.0.5.v20130815.jar:9.0.5.v20130815]
	at org.eclipse.jetty.server.AbstractConnector.doStart(AbstractConnector.java:259) ~[jetty-server-9.0.5.v20130815.jar:9.0.5.v20130815]
	at org.eclipse.jetty.server.AbstractNetworkConnector.doStart(AbstractNetworkConnector.java:81) ~[jetty-server-9.0.5.v20130815.jar:9.0.5.v20130815]
	at org.eclipse.jetty.util.component.AbstractLifeCycle.start(AbstractLifeCycle.java:69) ~[jetty-util-9.0.5.v20130815.jar:9.0.5.v20130815]
	at org.eclipse.jetty.server.Server.doStart(Server.java:303) ~[jetty-server-9.0.5.v20130815.jar:9.0.5.v20130815]
	at org.eclipse.jetty.util.component.AbstractLifeCycle.start(AbstractLifeCycle.java:69) ~[jetty-util-9.0.5.v20130815.jar:9.0.5.v20130815]
	at org.neo4j.server.web.Jetty9WebServer.startJetty(Jetty9WebServer.java:375) [neo4j-server-2.1.5.jar:2.1.5]
	at org.neo4j.server.web.Jetty9WebServer.start(Jetty9WebServer.java:178) [neo4j-server-2.1.5.jar:2.1.5]
	at org.neo4j.server.AbstractNeoServer.startWebServer(AbstractNeoServer.java:432) [neo4j-server-2.1.5.jar:2.1.5]
	at org.neo4j.server.AbstractNeoServer.start(AbstractNeoServer.java:193) [neo4j-server-2.1.5.jar:2.1.5]
	at org.neo4j.server.Bootstrapper.start(Bootstrapper.java:108) [neo4j-server-2.1.5.jar:2.1.5]
	at org.neo4j.server.Bootstrapper.main(Bootstrapper.java:62) [neo4j-server-2.1.5.jar:2.1.5]
2014-12-04 14:35:02.434+0000 INFO  [API] Failed to start Neo Server on port [7474], reason [java.io.IOException: Too many open files in system]
2014-12-04 14:39:06.856+0000 INFO  [API] Setting startup timeout to: 120000ms based on -1
Detected incorrectly shut down database, performing recovery..
2014-12-04 14:39:10.449+0000 INFO  [API] Successfully started database
2014-12-04 14:39:10.697+0000 INFO  [API] Starting HTTP on port :7474 with 40 threads available
2014-12-04 14:39:11.193+0000 INFO  [API] Enabling HTTPS on port :7473
2014-12-04 14:39:11.472+0000 INFO  [API] Mounted discovery module at [/]
2014-12-04 14:39:11.489+0000 INFO  [API] Mounted REST API at [/db/data/]
2014-12-04 14:39:11.495+0000 INFO  [API] Mounted management API at [/db/manage/]
2014-12-04 14:39:11.495+0000 INFO  [API] Mounted webadmin at [/webadmin]
2014-12-04 14:39:11.495+0000 INFO  [API] Mounted Neo4j Browser at [/browser]
2014-12-04 14:39:11.650+0000 INFO  [API] Mounting static content at [/webadmin] from [webadmin-html]
2014-12-04 14:39:11.773+0000 INFO  [API] Mounting static content at [/browser] from [browser]
09:39:11.778 [main] WARN  o.e.j.server.handler.ContextHandler - o.e.j.s.ServletContextHandler@52b6319f{/,null,null} contextPath ends with /
09:39:11.778 [main] WARN  o.e.j.server.handler.ContextHandler - Empty contextPath
09:39:11.785 [main] INFO  org.eclipse.jetty.server.Server - jetty-9.0.5.v20130815
09:39:11.833 [main] INFO  o.e.j.server.handler.ContextHandler - Started o.e.j.s.h.MovedContextHandler@46d8f407{/,null,AVAILABLE}
09:39:11.975 [main] INFO  o.e.j.w.StandardDescriptorProcessor - NO JSP Support for /webadmin, did not find org.apache.jasper.servlet.JspServlet
09:39:12.004 [main] INFO  o.e.j.server.handler.ContextHandler - Started o.e.j.w.WebAppContext@4a3be6a5{/webadmin,jar:file:/Users/geoff/RubymineProjects/neo4j-test/db/neo4j/development/system/lib/neo4j-server-2.1.5-static-web.jar!/webadmin-html,AVAILABLE}
09:39:12.999 [main] INFO  o.e.j.server.handler.ContextHandler - Started o.e.j.s.ServletContextHandler@2d0ecb24{/db/manage,null,AVAILABLE}
09:39:13.433 [main] INFO  o.e.j.server.handler.ContextHandler - Started o.e.j.s.ServletContextHandler@102efc59{/db/data,null,AVAILABLE}
09:39:13.486 [main] INFO  o.e.j.w.StandardDescriptorProcessor - NO JSP Support for /browser, did not find org.apache.jasper.servlet.JspServlet
09:39:13.489 [main] INFO  o.e.j.server.handler.ContextHandler - Started o.e.j.w.WebAppContext@75fa1be3{/browser,jar:file:/Users/geoff/RubymineProjects/neo4j-test/db/neo4j/development/system/lib/neo4j-browser-2.1.5.jar!/browser,AVAILABLE}
09:39:13.718 [main] INFO  o.e.j.server.handler.ContextHandler - Started o.e.j.s.ServletContextHandler@52b6319f{/,null,AVAILABLE}
09:39:13.811 [main] INFO  o.e.jetty.server.ServerConnector - Started ServerConnector@2b480f21{HTTP/1.1}{localhost:7474}
09:39:14.406 [main] INFO  o.e.jetty.server.ServerConnector - Started ServerConnector@7baf1f5a{SSL-HTTP/1.1}{localhost:7473}
2014-12-04 14:39:14.407+0000 INFO  [API] Server started on: http://localhost:7474/
2014-12-04 14:39:14.408+0000 INFO  [API] Remote interface ready and available at [http://localhost:7474/]
2014-12-07 23:17:56.859+0000 INFO  [API] Neo4j Server shutdown initiated by request
18:18:02.021 [Thread-18] INFO  o.e.jetty.server.ServerConnector - Stopped ServerConnector@2b480f21{HTTP/1.1}{localhost:7474}
18:18:02.034 [Thread-18] INFO  o.e.jetty.server.ServerConnector - Stopped ServerConnector@7baf1f5a{SSL-HTTP/1.1}{localhost:7473}
18:18:02.058 [Thread-18] INFO  o.e.j.server.handler.ContextHandler - Stopped o.e.j.s.ServletContextHandler@52b6319f{/,null,UNAVAILABLE}
18:18:02.071 [Thread-18] INFO  o.e.j.server.handler.ContextHandler - Stopped o.e.j.w.WebAppContext@75fa1be3{/browser,jar:file:/Users/geoff/RubymineProjects/neo4j-test/db/neo4j/development/system/lib/neo4j-browser-2.1.5.jar!/browser,UNAVAILABLE}
18:18:02.079 [Thread-18] INFO  o.e.j.server.handler.ContextHandler - Stopped o.e.j.s.ServletContextHandler@102efc59{/db/data,null,UNAVAILABLE}
18:18:02.079 [Thread-18] INFO  o.e.j.server.handler.ContextHandler - Stopped o.e.j.s.ServletContextHandler@2d0ecb24{/db/manage,null,UNAVAILABLE}
18:18:02.090 [Thread-18] INFO  o.e.j.server.handler.ContextHandler - Stopped o.e.j.w.WebAppContext@4a3be6a5{/webadmin,jar:file:/Users/geoff/RubymineProjects/neo4j-test/db/neo4j/development/system/lib/neo4j-server-2.1.5-static-web.jar!/webadmin-html,UNAVAILABLE}
18:18:02.091 [Thread-18] INFO  o.e.j.server.handler.ContextHandler - Stopped o.e.j.s.h.MovedContextHandler@46d8f407{/,null,UNAVAILABLE}
2014-12-07 23:18:02.123+0000 INFO  [API] Successfully shutdown Neo4j Server.
2014-12-07 23:18:02.352+0000 INFO  [API] Successfully stopped database
2014-12-07 23:18:02.352+0000 INFO  [API] Successfully shutdown database.
2014-12-07 23:18:42.824+0000 INFO  [API] Setting startup timeout to: 120000ms based on -1
2014-12-07 23:18:46.493+0000 INFO  [API] Successfully started database
2014-12-07 23:18:46.680+0000 INFO  [API] Starting HTTP on port :7474 with 40 threads available
2014-12-07 23:18:47.511+0000 INFO  [API] Enabling HTTPS on port :7473
2014-12-07 23:18:47.757+0000 INFO  [API] Mounted discovery module at [/]
2014-12-07 23:18:47.777+0000 INFO  [API] Mounted REST API at [/db/data/]
2014-12-07 23:18:47.784+0000 INFO  [API] Mounted management API at [/db/manage/]
2014-12-07 23:18:47.785+0000 INFO  [API] Mounted webadmin at [/webadmin]
2014-12-07 23:18:47.785+0000 INFO  [API] Mounted Neo4j Browser at [/browser]
2014-12-07 23:18:47.967+0000 INFO  [API] Mounting static content at [/webadmin] from [webadmin-html]
2014-12-07 23:18:48.092+0000 INFO  [API] Mounting static content at [/browser] from [browser]
18:18:48.097 [main] WARN  o.e.j.server.handler.ContextHandler - o.e.j.s.ServletContextHandler@67dba613{/,null,null} contextPath ends with /
18:18:48.097 [main] WARN  o.e.j.server.handler.ContextHandler - Empty contextPath
18:18:48.103 [main] INFO  org.eclipse.jetty.server.Server - jetty-9.0.5.v20130815
18:18:48.222 [main] INFO  o.e.j.server.handler.ContextHandler - Started o.e.j.s.h.MovedContextHandler@682bd3c4{/,null,AVAILABLE}
18:18:48.629 [main] INFO  o.e.j.w.StandardDescriptorProcessor - NO JSP Support for /webadmin, did not find org.apache.jasper.servlet.JspServlet
18:18:48.743 [main] INFO  o.e.j.server.handler.ContextHandler - Started o.e.j.w.WebAppContext@5c645b43{/webadmin,jar:file:/Users/geoff/RubymineProjects/neo4j-test/db/neo4j/development/system/lib/neo4j-server-2.1.5-static-web.jar!/webadmin-html,AVAILABLE}
18:18:50.063 [main] INFO  o.e.j.server.handler.ContextHandler - Started o.e.j.s.ServletContextHandler@52cb4f50{/db/manage,null,AVAILABLE}
18:18:50.461 [main] INFO  o.e.j.server.handler.ContextHandler - Started o.e.j.s.ServletContextHandler@2a066689{/db/data,null,AVAILABLE}
18:18:50.490 [main] INFO  o.e.j.w.StandardDescriptorProcessor - NO JSP Support for /browser, did not find org.apache.jasper.servlet.JspServlet
18:18:50.492 [main] INFO  o.e.j.server.handler.ContextHandler - Started o.e.j.w.WebAppContext@74294c1a{/browser,jar:file:/Users/geoff/RubymineProjects/neo4j-test/db/neo4j/development/system/lib/neo4j-browser-2.1.5.jar!/browser,AVAILABLE}
18:18:50.695 [main] INFO  o.e.j.server.handler.ContextHandler - Started o.e.j.s.ServletContextHandler@67dba613{/,null,AVAILABLE}
18:18:50.753 [main] INFO  o.e.jetty.server.ServerConnector - Started ServerConnector@341ab243{HTTP/1.1}{localhost:7474}
18:18:51.294 [main] INFO  o.e.jetty.server.ServerConnector - Started ServerConnector@4ac86d6a{SSL-HTTP/1.1}{localhost:7473}
2014-12-07 23:18:51.295+0000 INFO  [API] Server started on: http://localhost:7474/
2014-12-07 23:18:51.297+0000 INFO  [API] Remote interface ready and available at [http://localhost:7474/]
2014-12-09 16:28:34.716+0000 INFO  [API] Setting startup timeout to: 120000ms based on -1
Detected incorrectly shut down database, performing recovery..
2014-12-09 16:28:37.926+0000 INFO  [API] Successfully started database
2014-12-09 16:28:38.071+0000 INFO  [API] Starting HTTP on port :7474 with 40 threads available
2014-12-09 16:28:38.466+0000 INFO  [API] Enabling HTTPS on port :7473
2014-12-09 16:28:38.641+0000 INFO  [API] Mounted discovery module at [/]
2014-12-09 16:28:38.655+0000 INFO  [API] Mounted REST API at [/db/data/]
2014-12-09 16:28:38.661+0000 INFO  [API] Mounted management API at [/db/manage/]
2014-12-09 16:28:38.662+0000 INFO  [API] Mounted webadmin at [/webadmin]
2014-12-09 16:28:38.662+0000 INFO  [API] Mounted Neo4j Browser at [/browser]
2014-12-09 16:28:38.783+0000 INFO  [API] Mounting static content at [/webadmin] from [webadmin-html]
2014-12-09 16:28:38.870+0000 INFO  [API] Mounting static content at [/browser] from [browser]
11:28:38.873 [main] WARN  o.e.j.server.handler.ContextHandler - o.e.j.s.ServletContextHandler@d9422a4{/,null,null} contextPath ends with /
11:28:38.873 [main] WARN  o.e.j.server.handler.ContextHandler - Empty contextPath
11:28:38.877 [main] INFO  org.eclipse.jetty.server.Server - jetty-9.0.5.v20130815
11:28:38.925 [main] INFO  o.e.j.server.handler.ContextHandler - Started o.e.j.s.h.MovedContextHandler@6f236810{/,null,AVAILABLE}
11:28:39.091 [main] INFO  o.e.j.w.StandardDescriptorProcessor - NO JSP Support for /webadmin, did not find org.apache.jasper.servlet.JspServlet
11:28:39.112 [main] INFO  o.e.j.server.handler.ContextHandler - Started o.e.j.w.WebAppContext@3d474f20{/webadmin,jar:file:/Users/geoff/RubymineProjects/neo4j-test/db/neo4j/development/system/lib/neo4j-server-2.1.5-static-web.jar!/webadmin-html,AVAILABLE}
11:28:40.017 [main] INFO  o.e.j.server.handler.ContextHandler - Started o.e.j.s.ServletContextHandler@280d967a{/db/manage,null,AVAILABLE}
11:28:40.364 [main] INFO  o.e.j.server.handler.ContextHandler - Started o.e.j.s.ServletContextHandler@1980ecd0{/db/data,null,AVAILABLE}
11:28:40.393 [main] INFO  o.e.j.w.StandardDescriptorProcessor - NO JSP Support for /browser, did not find org.apache.jasper.servlet.JspServlet
11:28:40.395 [main] INFO  o.e.j.server.handler.ContextHandler - Started o.e.j.w.WebAppContext@3e275759{/browser,jar:file:/Users/geoff/RubymineProjects/neo4j-test/db/neo4j/development/system/lib/neo4j-browser-2.1.5.jar!/browser,AVAILABLE}
11:28:40.518 [main] INFO  o.e.j.server.handler.ContextHandler - Started o.e.j.s.ServletContextHandler@d9422a4{/,null,AVAILABLE}
11:28:40.550 [main] INFO  o.e.jetty.server.ServerConnector - Started ServerConnector@69058f8{HTTP/1.1}{localhost:7474}
11:28:41.380 [main] INFO  o.e.jetty.server.ServerConnector - Started ServerConnector@71506d9a{SSL-HTTP/1.1}{localhost:7473}
2014-12-09 16:28:41.381+0000 INFO  [API] Server started on: http://localhost:7474/
2014-12-09 16:28:41.382+0000 INFO  [API] Remote interface ready and available at [http://localhost:7474/]
